<?xml version="1.0" encoding="UTF-8"?>
<!-- Generated by org.testng.reporters.JUnitReportReporter -->
<testsuite hostname="LAPTOP-IAKU8825" failures="0" tests="1" name="testNGAnnotations.OrangeHRM" time="9.567" errors="0" timestamp="2023-05-24T16:22:53 IST" skipped="0">
  <testcase classname="testNGAnnotations.OrangeHRM" name="logIn" time="9.567"/>
  <system-out/>
</testsuite> <!-- testNGAnnotations.OrangeHRM -->
