<?xml version="1.0" encoding="UTF-8"?>
<!-- Generated by org.testng.reporters.JUnitReportReporter -->
<testsuite hostname="LAPTOP-IAKU8825" failures="0" tests="2" name="testNGExecution.MethodEex" time="0.034" errors="0" timestamp="2023-05-24T10:20:52 IST" skipped="0">
  <testcase classname="testNGExecution.MethodEex" name="mwthod1" time="0.017"/>
  <system-out>
    <![CDATA[18: is a threadId of Method 1
Method1]]>
  </system-out>
  <testcase classname="testNGExecution.MethodEex" name="mwthod2" time="0.017"/>
  <system-out>
    <![CDATA[19: is a threadId of Method 2
Method2]]>
  </system-out>
</testsuite> <!-- testNGExecution.MethodEex -->
