<?xml version="1.0" encoding="UTF-8"?>
<!-- Generated by org.testng.reporters.JUnitReportReporter -->
<testsuite hostname="LAPTOP-IAKU8825" failures="0" tests="2" name="testNGpacakes.Test3" time="0.008" errors="0" timestamp="2023-05-23T23:04:41 IST" skipped="0">
  <testcase classname="testNGpacakes.Test3" name="f" time="0.005"/>
  <system-out>
    <![CDATA[F Method]]>
  </system-out>
  <testcase classname="testNGpacakes.Test3" name="g" time="0.003"/>
  <system-out>
    <![CDATA[G Method]]>
  </system-out>
</testsuite> <!-- testNGpacakes.Test3 -->
