<?xml version="1.0" encoding="UTF-8"?>
<!-- Generated by org.testng.reporters.JUnitReportReporter -->
<testsuite hostname="LAPTOP-IAKU8825" failures="0" tests="1" name="testNGpacakes.NewTest" time="0.018" errors="0" timestamp="2023-05-23T17:58:44 IST" skipped="0">
  <testcase classname="testNGpacakes.NewTest" name="demoMethod" time="0.018"/>
  <system-out>
    <![CDATA[Hii TestG]]>
  </system-out>
</testsuite> <!-- testNGpacakes.NewTest -->
