<?xml version="1.0" encoding="UTF-8"?>
<!-- Generated by org.testng.reporters.JUnitReportReporter -->
<testsuite hostname="LAPTOP-IAKU8825" failures="0" tests="2" name="testNGExecution.ParallelTestsExcetion" time="19.824" errors="0" timestamp="2023-05-25T10:49:43 IST" skipped="0">
  <testcase classname="testNGExecution.ParallelTestsExcetion" name="SelectBrowser" time="10.524"/>
  <system-out/>
  <testcase classname="testNGExecution.ParallelTestsExcetion" name="SelectBrowser" time="9.300"/>
  <system-out/>
</testsuite> <!-- testNGExecution.ParallelTestsExcetion -->
