<?xml version="1.0" encoding="UTF-8"?>
<!-- Generated by org.testng.reporters.JUnitReportReporter -->
<testsuite hostname="LAPTOP-IAKU8825" failures="0" tests="1" name="testNGpacakes.Demo" time="0.005" errors="0" timestamp="2023-05-23T22:35:19 IST" skipped="0">
  <testcase classname="testNGpacakes.Demo" name="demoMethod" time="0.005"/>
  <system-out>
    <![CDATA[Hii TestNG]]>
  </system-out>
</testsuite> <!-- testNGpacakes.Demo -->
